This is pdfTeX, Version 3.141592-1.40.7 (MiKTeX 2.7) (preloaded format=pdflatex 2009.7.7)  31 AUG 2009 11:31
entering extended mode
**GAMMsUsingLME4.tex
(GAMMsUsingLME4.tex
LaTeX2e <2005/12/01>
Babel <v3.8h> and hyphenation patterns for english, dumylang, nohyphenation, ge
rman, ngerman, french, loaded.
("C:\Programme\MiKTeX 2.7\tex\latex\base\article.cls"
Document Class: article 2005/09/16 v1.4f Standard LaTeX document class
("C:\Programme\MiKTeX 2.7\tex\latex\base\size12.clo"
File: size12.clo 2005/09/16 v1.4f Standard LaTeX file (size option)
)
\c@part=\count79
\c@section=\count80
\c@subsection=\count81
\c@subsubsection=\count82
\c@paragraph=\count83
\c@subparagraph=\count84
\c@figure=\count85
\c@table=\count86
\abovecaptionskip=\skip41
\belowcaptionskip=\skip42
\bibindent=\dimen102
)
("C:\Programme\MiKTeX 2.7\tex\latex\amsmath\amsmath.sty"
Package: amsmath 2000/07/18 v2.13 AMS math features
\@mathmargin=\skip43

For additional information on amsmath, use the `?' option.
("C:\Programme\MiKTeX 2.7\tex\latex\amsmath\amstext.sty"
Package: amstext 2000/06/29 v2.01

("C:\Programme\MiKTeX 2.7\tex\latex\amsmath\amsgen.sty"
File: amsgen.sty 1999/11/30 v2.0
\@emptytoks=\toks14
\ex@=\dimen103
))
("C:\Programme\MiKTeX 2.7\tex\latex\amsmath\amsbsy.sty"
Package: amsbsy 1999/11/29 v1.2d
\pmbraise@=\dimen104
)
("C:\Programme\MiKTeX 2.7\tex\latex\amsmath\amsopn.sty"
Package: amsopn 1999/12/14 v2.01 operator names
)
\inf@bad=\count87
LaTeX Info: Redefining \frac on input line 211.
\uproot@=\count88
\leftroot@=\count89
LaTeX Info: Redefining \overline on input line 307.
\classnum@=\count90
\DOTSCASE@=\count91
LaTeX Info: Redefining \ldots on input line 379.
LaTeX Info: Redefining \dots on input line 382.
LaTeX Info: Redefining \cdots on input line 467.
\Mathstrutbox@=\box26
\strutbox@=\box27
\big@size=\dimen105
LaTeX Font Info:    Redeclaring font encoding OML on input line 567.
LaTeX Font Info:    Redeclaring font encoding OMS on input line 568.
\macc@depth=\count92
\c@MaxMatrixCols=\count93
\dotsspace@=\muskip10
\c@parentequation=\count94
\dspbrk@lvl=\count95
\tag@help=\toks15
\row@=\count96
\column@=\count97
\maxfields@=\count98
\andhelp@=\toks16
\eqnshift@=\dimen106
\alignsep@=\dimen107
\tagshift@=\dimen108
\tagwidth@=\dimen109
\totwidth@=\dimen110
\lineht@=\dimen111
\@envbody=\toks17
\multlinegap=\skip44
\multlinetaggap=\skip45
\mathdisplay@stack=\toks18
LaTeX Info: Redefining \[ on input line 2666.
LaTeX Info: Redefining \] on input line 2667.
)
("C:\Programme\MiKTeX 2.7\tex\latex\amsfonts\amsfonts.sty"
Package: amsfonts 2001/10/25 v2.2f
\symAMSa=\mathgroup4
\symAMSb=\mathgroup5
LaTeX Font Info:    Overwriting math alphabet `\mathfrak' in version `bold'
(Font)                  U/euf/m/n --> U/euf/b/n on input line 132.
)
("C:\Programme\MiKTeX 2.7\tex\latex\tools\bm.sty"
Package: bm 2004/02/26 v1.1c Bold Symbol Support (DPC/FMi)
\symboldoperators=\mathgroup6
\symboldletters=\mathgroup7
\symboldsymbols=\mathgroup8
LaTeX Font Info:    Redeclaring math alphabet \mathbf on input line 137.
LaTeX Info: Redefining \bm on input line 203.
)
("C:\Programme\MiKTeX 2.7\tex\latex\hyperref\hyperref.sty"
Package: hyperref 2008/01/09 v6.77i Hypertext links for LaTeX

("C:\Programme\MiKTeX 2.7\tex\latex\graphics\keyval.sty"
Package: keyval 1999/03/16 v1.13 key=value parser (DPC)
\KV@toks@=\toks19
)
("C:\Programme\MiKTeX 2.7\tex\latex\oberdiek\hycolor.sty"
Package: hycolor 2007/04/11 v1.1 Code for color options of hyperref/bookmark (H
O)
)
\@linkdim=\dimen112
\Hy@linkcounter=\count99
\Hy@pagecounter=\count100

("C:\Programme\MiKTeX 2.7\tex\latex\hyperref\pd1enc.def"
File: pd1enc.def 2008/01/09 v6.77i Hyperref: PDFDocEncoding definition (HO)
)
("C:\Programme\MiKTeX 2.7\tex\generic\oberdiek\etexcmds.sty"
Package: etexcmds 2007/12/12 v1.2 Prefix for e-TeX command names (HO)

("C:\Programme\MiKTeX 2.7\tex\generic\oberdiek\infwarerr.sty"
Package: infwarerr 2007/09/09 v1.2 Providing info/warning/message (HO)
)
Package etexcmds Info: Could not find \expanded.
(etexcmds)             That can mean that you are not using pdfTeX 1.50 or
(etexcmds)             that some package has redefined \expanded.
(etexcmds)             In the latter case, load this package earlier.
)
("C:\Programme\MiKTeX 2.7\tex\latex\00miktex\hyperref.cfg"
File: hyperref.cfg 2002/06/06 v1.2 hyperref configuration of TeXLive
)
("C:\Programme\MiKTeX 2.7\tex\latex\oberdiek\kvoptions.sty"
Package: kvoptions 2007/10/18 v3.0 Keyval support for LaTeX options (HO)
)
Package hyperref Info: Option `bookmarks' set `true' on input line 2686.
Package hyperref Info: Option `colorlinks' set `true' on input line 2686.
Package hyperref Info: Hyper figures OFF on input line 2722.
Package hyperref Info: Link nesting OFF on input line 2727.
Package hyperref Info: Hyper index ON on input line 2730.
Package hyperref Info: Plain pages OFF on input line 2737.
Package hyperref Info: Backreferencing OFF on input line 2742.

Implicit mode ON; LaTeX internals redefined
Package hyperref Info: Bookmarks ON on input line 2898.
("C:\Programme\MiKTeX 2.7\tex\latex\ltxmisc\url.sty"
\Urlmuskip=\muskip11
Package: url 2006/04/12  ver 3.3  Verb mode for urls, etc.
)
LaTeX Info: Redefining \url on input line 3068.

("C:\Programme\MiKTeX 2.7\tex\generic\oberdiek\bitset.sty"
Package: bitset 2007/09/28 v1.0 Data type bit set (HO)

("C:\Programme\MiKTeX 2.7\tex\generic\oberdiek\intcalc.sty"
Package: intcalc 2007/09/27 v1.1 Expandable integer calculations (HO)
)
("C:\Programme\MiKTeX 2.7\tex\generic\oberdiek\bigintcalc.sty"
Package: bigintcalc 2007/11/11 v1.1 Expandable big integer calculations (HO)

("C:\Programme\MiKTeX 2.7\tex\generic\oberdiek\pdftexcmds.sty"
Package: pdftexcmds 2007/12/12 v0.3 LuaTeX support for pdfTeX utility functions
 (HO)
Package pdftexcmds Info: LuaTeX not detected on input line 139.
)))
("C:\Programme\MiKTeX 2.7\tex\generic\oberdiek\kvsetkeys.sty"
Package: kvsetkeys 2007/09/29 v1.3 Key value parser with default handler suppor
t (HO)
)
\Fld@menulength=\count101
\Field@Width=\dimen113
\Fld@charsize=\dimen114
\Field@toks=\toks20
Package hyperref Info: Hyper figures OFF on input line 3949.
Package hyperref Info: Link nesting OFF on input line 3954.
Package hyperref Info: Hyper index ON on input line 3957.
Package hyperref Info: backreferencing OFF on input line 3964.
Package hyperref Info: Link coloring ON on input line 3967.

("C:\Programme\MiKTeX 2.7\tex\generic\oberdiek\atbegshi.sty"
Package: atbegshi 2007/09/09 v1.6 At begin shipout hook (HO)

("C:\Programme\MiKTeX 2.7\tex\generic\oberdiek\ifpdf.sty"
Package: ifpdf 2007/12/12 v1.6 Provides the ifpdf switch (HO)
Package ifpdf Info: pdfTeX in pdf mode detected.
))
\Hy@abspage=\count102
\c@Item=\count103
\c@Hfootnote=\count104
)
*hyperref using default driver hpdftex*
("C:\Programme\MiKTeX 2.7\tex\latex\hyperref\hpdftex.def"
File: hpdftex.def 2008/01/09 v6.77i Hyperref driver for pdfTeX
\Fld@listcount=\count105
)
("C:\Programme\MiKTeX 2.7\tex\latex\natbib\natbib.sty"
Package: natbib 2007/10/30 8.1 (PWD)
\bibhang=\skip46
\bibsep=\skip47
LaTeX Info: Redefining \cite on input line 602.
\c@NAT@ctr=\count106
)
("C:\Programme\MiKTeX 2.7\tex\latex\ltxmisc\framed.sty"
Package: framed 2007/10/04 v 0.95: framed or shaded text with page breaks
\fb@frw=\dimen115
\fb@frh=\dimen116
\FrameRule=\dimen117
\FrameSep=\dimen118
)
("C:\Programme\MiKTeX 2.7\tex\latex\base\fontenc.sty"
Package: fontenc 2005/09/27 v1.99g Standard LaTeX package

("C:\Programme\MiKTeX 2.7\tex\latex\base\t1enc.def"
File: t1enc.def 2005/09/27 v1.99g Standard LaTeX file
LaTeX Font Info:    Redeclaring font encoding T1 on input line 43.
))
("C:\Programme\MiKTeX 2.7\tex\latex\graphics\graphicx.sty"
Package: graphicx 1999/02/16 v1.0f Enhanced LaTeX Graphics (DPC,SPQR)

("C:\Programme\MiKTeX 2.7\tex\latex\graphics\graphics.sty"
Package: graphics 2006/02/20 v1.0o Standard LaTeX Graphics (DPC,SPQR)

("C:\Programme\MiKTeX 2.7\tex\latex\graphics\trig.sty"
Package: trig 1999/03/16 v1.09 sin cos tan (DPC)
)
("C:\Programme\MiKTeX 2.7\tex\latex\00miktex\graphics.cfg"
File: graphics.cfg 2007/01/18 v1.5 graphics configuration of teTeX/TeXLive
)
Package graphics Info: Driver file: pdftex.def on input line 90.

("C:\Programme\MiKTeX 2.7\tex\latex\graphics\pdftex.def"
File: pdftex.def 2007/06/12 v0.04h Graphics/color for pdfTeX
\Gread@gobject=\count107
))
\Gin@req@height=\dimen119
\Gin@req@width=\dimen120
)
("C:\Programme\MiKTeX 2.7\tex\latex\ae\ae.sty"
Package: ae 2001/02/12 1.3 Almost European Computer Modern

("C:\Programme\MiKTeX 2.7\tex\latex\base\fontenc.sty"
Package: fontenc 2005/09/27 v1.99g Standard LaTeX package

("C:\Programme\MiKTeX 2.7\tex\latex\base\t1enc.def"
File: t1enc.def 2005/09/27 v1.99g Standard LaTeX file
LaTeX Font Info:    Redeclaring font encoding T1 on input line 43.
)
LaTeX Font Info:    Try loading font information for T1+aer on input line 100.

("C:\Programme\MiKTeX 2.7\tex\latex\ae\t1aer.fd"
File: t1aer.fd 1997/11/16 Font definitions for T1/aer.
)))
("C:\Programme\MiKTeX 2.7\tex\latex\fancyvrb\fancyvrb.sty"
Package: fancyvrb 1998/07/17

Style option: `fancyvrb' v2.6, with DG/SPQR fixes <1998/07/17> (tvz)
\FV@CodeLineNo=\count108
\FV@InFile=\read1
\FV@TabBox=\box28
\c@FancyVerbLine=\count109
\FV@StepNumber=\count110
\FV@OutFile=\write3

No file fancyvrb.cfg.
) ("C:\Programme\MiKTeX 2.7\tex\latex\upquote\upquote.sty"
Package: upquote 2003/08/11 v1.1 Covington's upright-quote modification to verb
atim and verb

("C:\Programme\MiKTeX 2.7\tex\latex\base\textcomp.sty"
Package: textcomp 2005/09/27 v1.99g Standard LaTeX package
Package textcomp Info: Sub-encoding information:
(textcomp)               5 = only ISO-Adobe without \textcurrency
(textcomp)               4 = 5 + \texteuro
(textcomp)               3 = 4 + \textohm
(textcomp)               2 = 3 + \textestimated + \textcurrency
(textcomp)               1 = TS1 - \textcircled - \t
(textcomp)               0 = TS1 (full)
(textcomp)             Font families with sub-encoding setting implement
(textcomp)             only a restricted character set as indicated.
(textcomp)             Family '?' is the default used for unknown fonts.
(textcomp)             See the documentation for details.
Package textcomp Info: Setting ? sub-encoding to TS1/1 on input line 71.

("C:\Programme\MiKTeX 2.7\tex\latex\base\ts1enc.def"
File: ts1enc.def 2001/06/05 v3.0e (jk/car/fm) Standard LaTeX file
)
LaTeX Info: Redefining \oldstylenums on input line 266.
Package textcomp Info: Setting cmr sub-encoding to TS1/0 on input line 281.
Package textcomp Info: Setting cmss sub-encoding to TS1/0 on input line 282.
Package textcomp Info: Setting cmtt sub-encoding to TS1/0 on input line 283.
Package textcomp Info: Setting cmvtt sub-encoding to TS1/0 on input line 284.
Package textcomp Info: Setting cmbr sub-encoding to TS1/0 on input line 285.
Package textcomp Info: Setting cmtl sub-encoding to TS1/0 on input line 286.
Package textcomp Info: Setting ccr sub-encoding to TS1/0 on input line 287.
Package textcomp Info: Setting ptm sub-encoding to TS1/4 on input line 288.
Package textcomp Info: Setting pcr sub-encoding to TS1/4 on input line 289.
Package textcomp Info: Setting phv sub-encoding to TS1/4 on input line 290.
Package textcomp Info: Setting ppl sub-encoding to TS1/3 on input line 291.
Package textcomp Info: Setting pag sub-encoding to TS1/4 on input line 292.
Package textcomp Info: Setting pbk sub-encoding to TS1/4 on input line 293.
Package textcomp Info: Setting pnc sub-encoding to TS1/4 on input line 294.
Package textcomp Info: Setting pzc sub-encoding to TS1/4 on input line 295.
Package textcomp Info: Setting bch sub-encoding to TS1/4 on input line 296.
Package textcomp Info: Setting put sub-encoding to TS1/5 on input line 297.
Package textcomp Info: Setting uag sub-encoding to TS1/5 on input line 298.
Package textcomp Info: Setting ugq sub-encoding to TS1/5 on input line 299.
Package textcomp Info: Setting ul8 sub-encoding to TS1/4 on input line 300.
Package textcomp Info: Setting ul9 sub-encoding to TS1/4 on input line 301.
Package textcomp Info: Setting augie sub-encoding to TS1/5 on input line 302.
Package textcomp Info: Setting dayrom sub-encoding to TS1/3 on input line 303.
Package textcomp Info: Setting dayroms sub-encoding to TS1/3 on input line 304.

Package textcomp Info: Setting pxr sub-encoding to TS1/0 on input line 305.
Package textcomp Info: Setting pxss sub-encoding to TS1/0 on input line 306.
Package textcomp Info: Setting pxtt sub-encoding to TS1/0 on input line 307.
Package textcomp Info: Setting txr sub-encoding to TS1/0 on input line 308.
Package textcomp Info: Setting txss sub-encoding to TS1/0 on input line 309.
Package textcomp Info: Setting txtt sub-encoding to TS1/0 on input line 310.
Package textcomp Info: Setting futs sub-encoding to TS1/4 on input line 311.
Package textcomp Info: Setting futx sub-encoding to TS1/4 on input line 312.
Package textcomp Info: Setting futj sub-encoding to TS1/4 on input line 313.
Package textcomp Info: Setting hlh sub-encoding to TS1/3 on input line 314.
Package textcomp Info: Setting hls sub-encoding to TS1/3 on input line 315.
Package textcomp Info: Setting hlst sub-encoding to TS1/3 on input line 316.
Package textcomp Info: Setting hlct sub-encoding to TS1/5 on input line 317.
Package textcomp Info: Setting hlx sub-encoding to TS1/5 on input line 318.
Package textcomp Info: Setting hlce sub-encoding to TS1/5 on input line 319.
Package textcomp Info: Setting hlcn sub-encoding to TS1/5 on input line 320.
Package textcomp Info: Setting hlcw sub-encoding to TS1/5 on input line 321.
Package textcomp Info: Setting hlcf sub-encoding to TS1/5 on input line 322.
Package textcomp Info: Setting pplx sub-encoding to TS1/3 on input line 323.
Package textcomp Info: Setting pplj sub-encoding to TS1/3 on input line 324.
Package textcomp Info: Setting ptmx sub-encoding to TS1/4 on input line 325.
Package textcomp Info: Setting ptmj sub-encoding to TS1/4 on input line 326.
)) (GAMMsUsingLME4.aux)
LaTeX Font Info:    Checking defaults for OML/cmm/m/it on input line 62.
LaTeX Font Info:    ... okay on input line 62.
LaTeX Font Info:    Checking defaults for T1/cmr/m/n on input line 62.
LaTeX Font Info:    ... okay on input line 62.
LaTeX Font Info:    Checking defaults for OT1/cmr/m/n on input line 62.
LaTeX Font Info:    ... okay on input line 62.
LaTeX Font Info:    Checking defaults for OMS/cmsy/m/n on input line 62.
LaTeX Font Info:    ... okay on input line 62.
LaTeX Font Info:    Checking defaults for OMX/cmex/m/n on input line 62.
LaTeX Font Info:    ... okay on input line 62.
LaTeX Font Info:    Checking defaults for U/cmr/m/n on input line 62.
LaTeX Font Info:    ... okay on input line 62.
LaTeX Font Info:    Checking defaults for PD1/pdf/m/n on input line 62.
LaTeX Font Info:    ... okay on input line 62.
LaTeX Font Info:    Checking defaults for TS1/cmr/m/n on input line 62.
LaTeX Font Info:    Try loading font information for TS1+cmr on input line 62.

("C:\Programme\MiKTeX 2.7\tex\latex\base\ts1cmr.fd"
File: ts1cmr.fd 1999/05/25 v2.5h Standard LaTeX font definitions
)
LaTeX Font Info:    ... okay on input line 62.

("C:\Programme\MiKTeX 2.7\tex\latex\graphics\color.sty"
Package: color 2005/11/14 v1.0j Standard LaTeX Color (DPC)

("C:\Programme\MiKTeX 2.7\tex\latex\00miktex\color.cfg"
File: color.cfg 2007/01/18 v1.5 color configuration of teTeX/TeXLive
)
Package color Info: Driver file: pdftex.def on input line 130.
)
Package hyperref Info: Link coloring ON on input line 62.

("C:\Programme\MiKTeX 2.7\tex\latex\hyperref\nameref.sty"
Package: nameref 2007/05/29 v2.31 Cross-referencing by name of section

("C:\Programme\MiKTeX 2.7\tex\latex\oberdiek\refcount.sty"
Package: refcount 2006/02/20 v3.0 Data extraction from references (HO)
)
\c@section@level=\count111
)
LaTeX Info: Redefining \ref on input line 62.
LaTeX Info: Redefining \pageref on input line 62.

(GAMMsUsingLME4.out) (GAMMsUsingLME4.out)
\@outlinefile=\write4
\AtBeginShipoutBox=\box29

("C:\Programme\MiKTeX 2.7\tex\context\base\supp-pdf.tex"
[Loading MPS to PDF converter (version 2006.09.02).]
\scratchcounter=\count112
\scratchdimen=\dimen121
\scratchbox=\box30
\nofMPsegments=\count113
\nofMParguments=\count114
\everyMPshowfont=\toks21
\MPscratchCnt=\count115
\MPscratchDim=\dimen122
\MPnumerator=\count116
\everyMPtoPDFconversion=\toks22
)
LaTeX Font Info:    Try loading font information for T1+aess on input line 68.
 ("C:\Programme\MiKTeX 2.7\tex\latex\ae\t1aess.fd"
File: t1aess.fd 1997/11/16 Font definitions for T1/aess.
)
LaTeX Font Info:    Try loading font information for U+msa on input line 68.

("C:\Programme\MiKTeX 2.7\tex\latex\amsfonts\umsa.fd"
File: umsa.fd 2002/01/19 v2.2g AMS font definitions
)
LaTeX Font Info:    Try loading font information for U+msb on input line 68.

("C:\Programme\MiKTeX 2.7\tex\latex\amsfonts\umsb.fd"
File: umsb.fd 2002/01/19 v2.2g AMS font definitions
)
LaTeX Font Info:    Try loading font information for T1+aett on input line 74.

("C:\Programme\MiKTeX 2.7\tex\latex\ae\t1aett.fd"
File: t1aett.fd 1997/11/16 Font definitions for T1/aett.
)
Overfull \hbox (11.32643pt too wide) in paragraph at lines 70--75
[][]\T1/aer/m/n/10.95 The \T1/aess/m/n/10.95 lme4 \T1/aer/m/n/10.95 pack-age us
es sparse ma-trix tech-nol-ogy and clever likelihood-
 []

[1

{C:/Dokumente und Einstellungen/All Users/Anwendungsdaten/MiKTeX/2.7/pdftex/con
fig/pdftex.map}] (GAMMsUsingLME4.toc)
\tf@toc=\write5
 [2] [3]
Overfull \hbox (10.71198pt too wide) in paragraph at lines 148--149
 [][] 
 []

[4] [5]
Overfull \hbox (10.71198pt too wide) in paragraph at lines 217--218
 [][] 
 []


Overfull \hbox (0.17867pt too wide) in paragraph at lines 220--223
[][]\T1/aer/m/n/12 For given $\OML/cmm/m/it/12 $\T1/aer/m/n/12 , min-i-miz-ing
 [] over $\OT1/cmr/m/n/12 (\OML/cmm/b/it/12 []; b[]\OT1/cmr/m/n/12 )[]$ \T1/ae
r/m/n/12 is equiv-a-lent to BLUP-estimation
 []

[6]
Overfull \hbox (2.30655pt too wide) in alignment at lines 260--268
 [][][] []
 []


Underfull \hbox (badness 4193) in paragraph at lines 284--284
[][][] \T1/aer/m/n/10 Check the tra-ce-plots by call-ing \T1/aett/m/n/10.95 xy-
plot(attr(getF(<MyModel>, in-ter-
 []

[7]
Overfull \hbox (9.3378pt too wide) in paragraph at lines 286--291
[][]\T1/aer/m/n/12 The fre-quen-tist vari-abil-ity es-ti-mates (op-tion \T1/aet
t/m/n/10.95 in-ter-val="RW" \T1/aer/m/n/12 in \T1/aett/m/n/10.95 getF, plotF\T1
/aer/m/n/12 )
 []

[8]
LaTeX Font Info:    Try loading font information for T1+pcr on input line 317.
 ("C:\Programme\MiKTeX 2.7\tex\latex\psnfss\t1pcr.fd"
File: t1pcr.fd 2001/06/04 font definitions for T1/pcr.
)
LaTeX Font Info:    Try loading font information for TS1+pcr on input line 355.


("C:\Programme\MiKTeX 2.7\tex\latex\psnfss\ts1pcr.fd"
File: ts1pcr.fd 2001/06/04 font definitions for TS1/pcr.
)
<GAMMsUsingLME4-unionPlot.pdf, id=181, 867.24pt x 578.16pt>
File: GAMMsUsingLME4-unionPlot.pdf Graphic file (type pdf)

<use GAMMsUsingLME4-unionPlot.pdf> [9] [10 <GAMMsUsingLME4-unionPlot.pdf>]

LaTeX Font Warning: Font shape `T1/aett/bx/n' undefined
(Font)              using `T1/aett/m/n' instead on input line 389.

[11

] <GAMMsUsingLME4-dogPlot.pdf, id=210, 361.35pt x 361.35pt>
File: GAMMsUsingLME4-dogPlot.pdf Graphic file (type pdf)

<use GAMMsUsingLME4-dogPlot.pdf>
<GAMMsUsingLME4-dogPlotBy.pdf, id=212, 433.62pt x 289.08pt>
File: GAMMsUsingLME4-dogPlotBy.pdf Graphic file (type pdf)

<use GAMMsUsingLME4-dogPlotBy.pdf> [12] [13 <GAMMsUsingLME4-dogPlot.pdf>]
[14 <GAMMsUsingLME4-dogPlotBy.pdf>]
Overfull \hbox (24.42041pt too wide) in paragraph at lines 489--489
[]\T1/aer/bx/n/14.4 Subject- or cluster-specific smooths: Us-ing the \T1/aett/b
x/n/14.4 allPen\T1/aer/bx/n/14.4 -
 []

[15

] [16] [17]
Overfull \hbox (12.65555pt too wide) in paragraph at lines 608--608
[]\T1/aer/bx/n/14.4 Varying co-ef-fi-cient mod-els: Us-ing the \T1/aett/bx/n/14
.4 vary-ing\T1/aer/bx/n/14.4 -option 
 []

<GAMMsUsingLME4-ethanolPlot.pdf, id=250, 361.35pt x 361.35pt>
File: GAMMsUsingLME4-ethanolPlot.pdf Graphic file (type pdf)

<use GAMMsUsingLME4-ethanolPlot.pdf> [18

] [19 <GAMMsUsingLME4-ethanolPlot.pdf>] [20] <GAMMsUsingLME4-ethanolCIs.pdf, id
=276, 578.16pt x 505.89pt>
File: GAMMsUsingLME4-ethanolCIs.pdf Graphic file (type pdf)

<use GAMMsUsingLME4-ethanolCIs.pdf>

LaTeX Warning: Float too large for page by 76.42691pt on input line 739.

<GAMMsUsingLME4-ethanolMCMC.pdf, id=278, 433.62pt x 289.08pt>
File: GAMMsUsingLME4-ethanolMCMC.pdf Graphic file (type pdf)

<use GAMMsUsingLME4-ethanolMCMC.pdf> [21

] [22 <GAMMsUsingLME4-ethanolCIs.pdf>]
[23 <GAMMsUsingLME4-ethanolMCMC.pdf>]
LaTeX Font Info:    Try loading font information for TS1+aer on input line 802.

LaTeX Font Info:    No file TS1aer.fd. on input line 802.


LaTeX Font Warning: Font shape `TS1/aer/m/n' undefined
(Font)              using `TS1/cmr/m/n' instead
(Font)              for symbol `textbullet' on input line 802.

[24

] [25]
Overfull \hbox (3.53293pt too wide) in paragraph at lines 876--878
[][]\T1/aer/m/n/10.95 the columns in $\OML/cmm/b/it/10.95 Z[]$ \T1/aer/m/n/10.9
5 con-tain-ing the trun-cated poly-no-mi-als are severely collinear,
 []

[26] [27] [28] <GAMMsUsingLME4-compareTPTPU.pdf, id=346, 650.43pt x 433.62pt>
File: GAMMsUsingLME4-compareTPTPU.pdf Graphic file (type pdf)

<use GAMMsUsingLME4-compareTPTPU.pdf> [29 <GAMMsUsingLME4-compareTPTPU.pdf>]
Overfull \hbox (43.89803pt too wide) in paragraph at lines 1038--1041
\T1/aer/m/n/10.95 and Ben Bolker's \T1/aett/bx/n/10.95 mer.sim\T1/aer/m/n/10.95
 , maybe im-ple-ment Kauer-mann/Claeskens/Opsomer(2008)) 
 []

(GAMMsUsingLME4.bbl [30

]) [31] (GAMMsUsingLME4.aux)

LaTeX Font Warning: Some font shapes were not available, defaults substituted.

 ) 
Here is how much of TeX's memory you used:
 6391 strings out of 95324
 86361 string characters out of 1184021
 2642715 words of memory out of 5000000
 9313 multiletter control sequences out of 110000
 63209 words of font info for 146 fonts, out of 2500000 for 2000
 14 hyphenation exceptions out of 8191
 36i,17n,37p,3447b,493s stack positions out of 5000i,500n,10000p,200000b,5000s
 <C:\Dokumente und Einstellungen\All Users\Anwendungsdaten\MiKTeX\2.7\fonts\p
k\ljfour\jknappen\ec\dpi600\tcrm1095.pk> <C:\Dokumente und Einstellungen\All Us
ers\Anwendungsdaten\MiKTeX\2.7\fonts\pk\ljfour\jknappen\ec\dpi600\tcrm1200.pk>{
C:/Programme/MiKTeX 2.7/fonts/enc/dvips/fontname/8r.enc}<C:/Programme/MiKTeX 2.
7/fonts/type1/bluesky/cm/cmbsy10.pfb><C:/Programme/MiKTeX 2.7/fonts/type1/blues
ky/ams/cmbsy7.pfb><C:/Programme/MiKTeX 2.7/fonts/type1/bluesky/cm/cmbx10.pfb><C
:/Programme/MiKTeX 2.7/fonts/type1/bluesky/cm/cmbx12.pfb><C:/Programme/MiKTeX 2
.7/fonts/type1/bluesky/cm/cmbx8.pfb><C:/Programme/MiKTeX 2.7/fonts/type1/bluesk
y/cm/cmex10.pfb><C:/Programme/MiKTeX 2.7/fonts/type1/bluesky/cm/cmmi10.pfb><C:/
Programme/MiKTeX 2.7/fonts/type1/bluesky/cm/cmmi12.pfb><C:/Programme/MiKTeX 2.7
/fonts/type1/bluesky/cm/cmmi6.pfb><C:/Programme/MiKTeX 2.7/fonts/type1/bluesky/
cm/cmmi8.pfb><C:/Programme/MiKTeX 2.7/fonts/type1/bluesky/cm/cmmib10.pfb><C:/Pr
ogramme/MiKTeX 2.7/fonts/type1/bluesky/ams/cmmib7.pfb><C:/Programme/MiKTeX 2.7/
fonts/type1/bluesky/cm/cmr10.pfb><C:/Programme/MiKTeX 2.7/fonts/type1/bluesky/c
m/cmr12.pfb><C:/Programme/MiKTeX 2.7/fonts/type1/bluesky/cm/cmr17.pfb><C:/Progr
amme/MiKTeX 2.7/fonts/type1/bluesky/cm/cmr6.pfb><C:/Programme/MiKTeX 2.7/fonts/
type1/bluesky/cm/cmr7.pfb><C:/Programme/MiKTeX 2.7/fonts/type1/bluesky/cm/cmr8.
pfb><C:/Programme/MiKTeX 2.7/fonts/type1/bluesky/cm/cmss10.pfb><C:/Programme/Mi
KTeX 2.7/fonts/type1/bluesky/cm/cmss12.pfb><C:/Programme/MiKTeX 2.7/fonts/type1
/bluesky/cm/cmss17.pfb><C:/Programme/MiKTeX 2.7/fonts/type1/bluesky/cm/cmsy10.p
fb><C:/Programme/MiKTeX 2.7/fonts/type1/bluesky/cm/cmsy8.pfb><C:/Programme/MiKT
eX 2.7/fonts/type1/bluesky/cm/cmti10.pfb><C:/Programme/MiKTeX 2.7/fonts/type1/b
luesky/cm/cmtt10.pfb><C:/Programme/MiKTeX 2.7/fonts/type1/bluesky/cm/cmtt12.pfb
><C:/Programme/MiKTeX 2.7/fonts/type1/urw/courier/ucrb8a.pfb><C:/Programme/MiKT
eX 2.7/fonts/type1/urw/courier/ucrbo8a.pfb>
Output written on GAMMsUsingLME4.pdf (31 pages, 685612 bytes).
PDF statistics:
 485 PDF objects out of 1000 (max. 8388607)
 82 named destinations out of 1000 (max. 131072)
 172 words of extra memory for PDF output out of 10000 (max. 10000000)

